{"/Users/maddisonwells/nology/morsecode/module.js": {"path":"/Users/maddisonwells/nology/morsecode/module.js","statementMap":{"0":{"start":{"line":2,"column":25},"end":{"line":82,"column":6}},"1":{"start":{"line":6,"column":6},"end":{"line":81,"column":7}},"2":{"start":{"line":8,"column":10},"end":{"line":8,"column":22}},"3":{"start":{"line":10,"column":10},"end":{"line":10,"column":24}},"4":{"start":{"line":12,"column":10},"end":{"line":12,"column":24}},"5":{"start":{"line":14,"column":10},"end":{"line":14,"column":23}},"6":{"start":{"line":16,"column":10},"end":{"line":16,"column":21}},"7":{"start":{"line":18,"column":10},"end":{"line":18,"column":24}},"8":{"start":{"line":20,"column":10},"end":{"line":20,"column":23}},"9":{"start":{"line":22,"column":10},"end":{"line":22,"column":24}},"10":{"start":{"line":24,"column":10},"end":{"line":24,"column":22}},"11":{"start":{"line":26,"column":10},"end":{"line":26,"column":24}},"12":{"start":{"line":28,"column":10},"end":{"line":28,"column":23}},"13":{"start":{"line":30,"column":10},"end":{"line":30,"column":24}},"14":{"start":{"line":32,"column":10},"end":{"line":32,"column":22}},"15":{"start":{"line":34,"column":10},"end":{"line":34,"column":22}},"16":{"start":{"line":36,"column":10},"end":{"line":36,"column":23}},"17":{"start":{"line":38,"column":10},"end":{"line":38,"column":24}},"18":{"start":{"line":40,"column":10},"end":{"line":40,"column":24}},"19":{"start":{"line":42,"column":10},"end":{"line":42,"column":23}},"20":{"start":{"line":44,"column":10},"end":{"line":44,"column":23}},"21":{"start":{"line":46,"column":10},"end":{"line":46,"column":21}},"22":{"start":{"line":48,"column":10},"end":{"line":48,"column":23}},"23":{"start":{"line":50,"column":10},"end":{"line":50,"column":24}},"24":{"start":{"line":52,"column":10},"end":{"line":52,"column":23}},"25":{"start":{"line":54,"column":10},"end":{"line":54,"column":24}},"26":{"start":{"line":56,"column":10},"end":{"line":56,"column":24}},"27":{"start":{"line":58,"column":10},"end":{"line":58,"column":24}},"28":{"start":{"line":60,"column":10},"end":{"line":60,"column":25}},"29":{"start":{"line":62,"column":10},"end":{"line":62,"column":25}},"30":{"start":{"line":64,"column":10},"end":{"line":64,"column":25}},"31":{"start":{"line":66,"column":10},"end":{"line":66,"column":25}},"32":{"start":{"line":68,"column":10},"end":{"line":68,"column":25}},"33":{"start":{"line":70,"column":10},"end":{"line":70,"column":25}},"34":{"start":{"line":72,"column":10},"end":{"line":72,"column":25}},"35":{"start":{"line":74,"column":10},"end":{"line":74,"column":25}},"36":{"start":{"line":76,"column":10},"end":{"line":76,"column":25}},"37":{"start":{"line":78,"column":10},"end":{"line":78,"column":25}},"38":{"start":{"line":80,"column":10},"end":{"line":80,"column":21}},"39":{"start":{"line":84,"column":2},"end":{"line":84,"column":41}},"40":{"start":{"line":88,"column":22},"end":{"line":165,"column":4}},"41":{"start":{"line":89,"column":4},"end":{"line":164,"column":5}},"42":{"start":{"line":91,"column":8},"end":{"line":91,"column":19}},"43":{"start":{"line":93,"column":8},"end":{"line":93,"column":19}},"44":{"start":{"line":95,"column":8},"end":{"line":95,"column":19}},"45":{"start":{"line":97,"column":8},"end":{"line":97,"column":19}},"46":{"start":{"line":99,"column":8},"end":{"line":99,"column":19}},"47":{"start":{"line":101,"column":8},"end":{"line":101,"column":19}},"48":{"start":{"line":103,"column":8},"end":{"line":103,"column":19}},"49":{"start":{"line":105,"column":8},"end":{"line":105,"column":19}},"50":{"start":{"line":107,"column":8},"end":{"line":107,"column":19}},"51":{"start":{"line":109,"column":8},"end":{"line":109,"column":19}},"52":{"start":{"line":111,"column":8},"end":{"line":111,"column":19}},"53":{"start":{"line":113,"column":8},"end":{"line":113,"column":19}},"54":{"start":{"line":115,"column":8},"end":{"line":115,"column":19}},"55":{"start":{"line":117,"column":8},"end":{"line":117,"column":19}},"56":{"start":{"line":119,"column":8},"end":{"line":119,"column":19}},"57":{"start":{"line":121,"column":8},"end":{"line":121,"column":19}},"58":{"start":{"line":123,"column":8},"end":{"line":123,"column":19}},"59":{"start":{"line":125,"column":8},"end":{"line":125,"column":19}},"60":{"start":{"line":127,"column":8},"end":{"line":127,"column":19}},"61":{"start":{"line":129,"column":8},"end":{"line":129,"column":19}},"62":{"start":{"line":131,"column":8},"end":{"line":131,"column":19}},"63":{"start":{"line":133,"column":8},"end":{"line":133,"column":19}},"64":{"start":{"line":135,"column":8},"end":{"line":135,"column":19}},"65":{"start":{"line":137,"column":8},"end":{"line":137,"column":19}},"66":{"start":{"line":139,"column":8},"end":{"line":139,"column":19}},"67":{"start":{"line":141,"column":8},"end":{"line":141,"column":19}},"68":{"start":{"line":143,"column":8},"end":{"line":143,"column":19}},"69":{"start":{"line":145,"column":8},"end":{"line":145,"column":19}},"70":{"start":{"line":147,"column":8},"end":{"line":147,"column":19}},"71":{"start":{"line":149,"column":8},"end":{"line":149,"column":19}},"72":{"start":{"line":151,"column":8},"end":{"line":151,"column":19}},"73":{"start":{"line":153,"column":8},"end":{"line":153,"column":19}},"74":{"start":{"line":155,"column":8},"end":{"line":155,"column":19}},"75":{"start":{"line":157,"column":8},"end":{"line":157,"column":19}},"76":{"start":{"line":159,"column":8},"end":{"line":159,"column":19}},"77":{"start":{"line":161,"column":8},"end":{"line":161,"column":19}},"78":{"start":{"line":163,"column":8},"end":{"line":163,"column":19}},"79":{"start":{"line":166,"column":2},"end":{"line":166,"column":37}}},"fnMap":{"0":{"name":"convertToMorseCode","decl":{"start":{"line":1,"column":16},"end":{"line":1,"column":34}},"loc":{"start":{"line":1,"column":46},"end":{"line":85,"column":1}},"line":1},"1":{"name":"(anonymous_1)","decl":{"start":{"line":5,"column":9},"end":{"line":5,"column":10}},"loc":{"start":{"line":5,"column":19},"end":{"line":82,"column":5}},"line":5},"2":{"name":"convertToEnglish","decl":{"start":{"line":87,"column":16},"end":{"line":87,"column":32}},"loc":{"start":{"line":87,"column":44},"end":{"line":167,"column":1}},"line":87},"3":{"name":"(anonymous_3)","decl":{"start":{"line":88,"column":47},"end":{"line":88,"column":48}},"loc":{"start":{"line":88,"column":59},"end":{"line":165,"column":3}},"line":88}},"branchMap":{"0":{"loc":{"start":{"line":6,"column":6},"end":{"line":81,"column":7}},"type":"switch","locations":[{"start":{"line":7,"column":8},"end":{"line":8,"column":22}},{"start":{"line":9,"column":8},"end":{"line":10,"column":24}},{"start":{"line":11,"column":8},"end":{"line":12,"column":24}},{"start":{"line":13,"column":8},"end":{"line":14,"column":23}},{"start":{"line":15,"column":8},"end":{"line":16,"column":21}},{"start":{"line":17,"column":8},"end":{"line":18,"column":24}},{"start":{"line":19,"column":8},"end":{"line":20,"column":23}},{"start":{"line":21,"column":8},"end":{"line":22,"column":24}},{"start":{"line":23,"column":8},"end":{"line":24,"column":22}},{"start":{"line":25,"column":8},"end":{"line":26,"column":24}},{"start":{"line":27,"column":8},"end":{"line":28,"column":23}},{"start":{"line":29,"column":8},"end":{"line":30,"column":24}},{"start":{"line":31,"column":8},"end":{"line":32,"column":22}},{"start":{"line":33,"column":8},"end":{"line":34,"column":22}},{"start":{"line":35,"column":8},"end":{"line":36,"column":23}},{"start":{"line":37,"column":8},"end":{"line":38,"column":24}},{"start":{"line":39,"column":8},"end":{"line":40,"column":24}},{"start":{"line":41,"column":8},"end":{"line":42,"column":23}},{"start":{"line":43,"column":8},"end":{"line":44,"column":23}},{"start":{"line":45,"column":8},"end":{"line":46,"column":21}},{"start":{"line":47,"column":8},"end":{"line":48,"column":23}},{"start":{"line":49,"column":8},"end":{"line":50,"column":24}},{"start":{"line":51,"column":8},"end":{"line":52,"column":23}},{"start":{"line":53,"column":8},"end":{"line":54,"column":24}},{"start":{"line":55,"column":8},"end":{"line":56,"column":24}},{"start":{"line":57,"column":8},"end":{"line":58,"column":24}},{"start":{"line":59,"column":8},"end":{"line":60,"column":25}},{"start":{"line":61,"column":8},"end":{"line":62,"column":25}},{"start":{"line":63,"column":8},"end":{"line":64,"column":25}},{"start":{"line":65,"column":8},"end":{"line":66,"column":25}},{"start":{"line":67,"column":8},"end":{"line":68,"column":25}},{"start":{"line":69,"column":8},"end":{"line":70,"column":25}},{"start":{"line":71,"column":8},"end":{"line":72,"column":25}},{"start":{"line":73,"column":8},"end":{"line":74,"column":25}},{"start":{"line":75,"column":8},"end":{"line":76,"column":25}},{"start":{"line":77,"column":8},"end":{"line":78,"column":25}},{"start":{"line":79,"column":8},"end":{"line":80,"column":21}}],"line":6},"1":{"loc":{"start":{"line":89,"column":4},"end":{"line":164,"column":5}},"type":"switch","locations":[{"start":{"line":90,"column":6},"end":{"line":91,"column":19}},{"start":{"line":92,"column":6},"end":{"line":93,"column":19}},{"start":{"line":94,"column":6},"end":{"line":95,"column":19}},{"start":{"line":96,"column":6},"end":{"line":97,"column":19}},{"start":{"line":98,"column":6},"end":{"line":99,"column":19}},{"start":{"line":100,"column":6},"end":{"line":101,"column":19}},{"start":{"line":102,"column":6},"end":{"line":103,"column":19}},{"start":{"line":104,"column":6},"end":{"line":105,"column":19}},{"start":{"line":106,"column":6},"end":{"line":107,"column":19}},{"start":{"line":108,"column":6},"end":{"line":109,"column":19}},{"start":{"line":110,"column":6},"end":{"line":111,"column":19}},{"start":{"line":112,"column":6},"end":{"line":113,"column":19}},{"start":{"line":114,"column":6},"end":{"line":115,"column":19}},{"start":{"line":116,"column":6},"end":{"line":117,"column":19}},{"start":{"line":118,"column":6},"end":{"line":119,"column":19}},{"start":{"line":120,"column":6},"end":{"line":121,"column":19}},{"start":{"line":122,"column":6},"end":{"line":123,"column":19}},{"start":{"line":124,"column":6},"end":{"line":125,"column":19}},{"start":{"line":126,"column":6},"end":{"line":127,"column":19}},{"start":{"line":128,"column":6},"end":{"line":129,"column":19}},{"start":{"line":130,"column":6},"end":{"line":131,"column":19}},{"start":{"line":132,"column":6},"end":{"line":133,"column":19}},{"start":{"line":134,"column":6},"end":{"line":135,"column":19}},{"start":{"line":136,"column":6},"end":{"line":137,"column":19}},{"start":{"line":138,"column":6},"end":{"line":139,"column":19}},{"start":{"line":140,"column":6},"end":{"line":141,"column":19}},{"start":{"line":142,"column":6},"end":{"line":143,"column":19}},{"start":{"line":144,"column":6},"end":{"line":145,"column":19}},{"start":{"line":146,"column":6},"end":{"line":147,"column":19}},{"start":{"line":148,"column":6},"end":{"line":149,"column":19}},{"start":{"line":150,"column":6},"end":{"line":151,"column":19}},{"start":{"line":152,"column":6},"end":{"line":153,"column":19}},{"start":{"line":154,"column":6},"end":{"line":155,"column":19}},{"start":{"line":156,"column":6},"end":{"line":157,"column":19}},{"start":{"line":158,"column":6},"end":{"line":159,"column":19}},{"start":{"line":160,"column":6},"end":{"line":161,"column":19}},{"start":{"line":162,"column":6},"end":{"line":163,"column":19}}],"line":89}},"s":{"0":7,"1":21,"2":3,"3":2,"4":2,"5":1,"6":1,"7":0,"8":0,"9":1,"10":0,"11":0,"12":0,"13":3,"14":0,"15":0,"16":2,"17":0,"18":0,"19":1,"20":0,"21":0,"22":0,"23":0,"24":1,"25":0,"26":0,"27":0,"28":0,"29":0,"30":1,"31":0,"32":0,"33":0,"34":0,"35":0,"36":0,"37":0,"38":2,"39":7,"40":4,"41":15,"42":1,"43":1,"44":1,"45":1,"46":0,"47":2,"48":1,"49":0,"50":1,"51":0,"52":0,"53":0,"54":0,"55":1,"56":1,"57":0,"58":0,"59":2,"60":0,"61":0,"62":0,"63":0,"64":0,"65":0,"66":1,"67":0,"68":0,"69":0,"70":0,"71":0,"72":0,"73":0,"74":0,"75":0,"76":0,"77":1,"78":1,"79":4},"f":{"0":7,"1":21,"2":4,"3":15},"b":{"0":[3,2,2,1,1,0,0,1,0,0,0,3,0,0,2,0,0,1,0,0,0,0,1,0,0,0,0,0,1,0,0,0,0,0,0,0,2],"1":[1,1,1,1,0,2,1,0,1,0,0,0,0,1,1,0,0,2,0,0,0,0,0,0,1,0,0,0,0,0,0,0,0,0,0,1,1]},"_coverageSchema":"1a1c01bbd47fc00a2c39e90264f33305004495a9","hash":"d46e9120b3139612dddd949da273af43dc97ea3a"}
}
