TN:
SF:module.js
FN:1,convertToMorseCode
FN:5,(anonymous_1)
FN:87,convertToEnglish
FN:88,(anonymous_3)
FNF:4
FNH:4
FNDA:7,convertToMorseCode
FNDA:21,(anonymous_1)
FNDA:4,convertToEnglish
FNDA:15,(anonymous_3)
DA:2,7
DA:6,21
DA:8,3
DA:10,2
DA:12,2
DA:14,1
DA:16,1
DA:18,0
DA:20,0
DA:22,1
DA:24,0
DA:26,0
DA:28,0
DA:30,3
DA:32,0
DA:34,0
DA:36,2
DA:38,0
DA:40,0
DA:42,1
DA:44,0
DA:46,0
DA:48,0
DA:50,0
DA:52,1
DA:54,0
DA:56,0
DA:58,0
DA:60,0
DA:62,0
DA:64,1
DA:66,0
DA:68,0
DA:70,0
DA:72,0
DA:74,0
DA:76,0
DA:78,0
DA:80,2
DA:84,7
DA:88,4
DA:89,15
DA:91,1
DA:93,1
DA:95,1
DA:97,1
DA:99,0
DA:101,2
DA:103,1
DA:105,0
DA:107,1
DA:109,0
DA:111,0
DA:113,0
DA:115,0
DA:117,1
DA:119,1
DA:121,0
DA:123,0
DA:125,2
DA:127,0
DA:129,0
DA:131,0
DA:133,0
DA:135,0
DA:137,0
DA:139,1
DA:141,0
DA:143,0
DA:145,0
DA:147,0
DA:149,0
DA:151,0
DA:153,0
DA:155,0
DA:157,0
DA:159,0
DA:161,1
DA:163,1
DA:166,4
LF:80
LH:31
BRDA:6,0,0,3
BRDA:6,0,1,2
BRDA:6,0,2,2
BRDA:6,0,3,1
BRDA:6,0,4,1
BRDA:6,0,5,0
BRDA:6,0,6,0
BRDA:6,0,7,1
BRDA:6,0,8,0
BRDA:6,0,9,0
BRDA:6,0,10,0
BRDA:6,0,11,3
BRDA:6,0,12,0
BRDA:6,0,13,0
BRDA:6,0,14,2
BRDA:6,0,15,0
BRDA:6,0,16,0
BRDA:6,0,17,1
BRDA:6,0,18,0
BRDA:6,0,19,0
BRDA:6,0,20,0
BRDA:6,0,21,0
BRDA:6,0,22,1
BRDA:6,0,23,0
BRDA:6,0,24,0
BRDA:6,0,25,0
BRDA:6,0,26,0
BRDA:6,0,27,0
BRDA:6,0,28,1
BRDA:6,0,29,0
BRDA:6,0,30,0
BRDA:6,0,31,0
BRDA:6,0,32,0
BRDA:6,0,33,0
BRDA:6,0,34,0
BRDA:6,0,35,0
BRDA:6,0,36,2
BRDA:89,1,0,1
BRDA:89,1,1,1
BRDA:89,1,2,1
BRDA:89,1,3,1
BRDA:89,1,4,0
BRDA:89,1,5,2
BRDA:89,1,6,1
BRDA:89,1,7,0
BRDA:89,1,8,1
BRDA:89,1,9,0
BRDA:89,1,10,0
BRDA:89,1,11,0
BRDA:89,1,12,0
BRDA:89,1,13,1
BRDA:89,1,14,1
BRDA:89,1,15,0
BRDA:89,1,16,0
BRDA:89,1,17,2
BRDA:89,1,18,0
BRDA:89,1,19,0
BRDA:89,1,20,0
BRDA:89,1,21,0
BRDA:89,1,22,0
BRDA:89,1,23,0
BRDA:89,1,24,1
BRDA:89,1,25,0
BRDA:89,1,26,0
BRDA:89,1,27,0
BRDA:89,1,28,0
BRDA:89,1,29,0
BRDA:89,1,30,0
BRDA:89,1,31,0
BRDA:89,1,32,0
BRDA:89,1,33,0
BRDA:89,1,34,0
BRDA:89,1,35,1
BRDA:89,1,36,1
BRF:74
BRH:25
end_of_record
